<?xml version="1.0" encoding="UTF-8"?>
<!-- Generated by org.testng.reporters.JUnitXMLReporter -->
<testsuite ignored="0" hostname="DESKTOP-B844U2B" failures="0" tests="6" name="TC1" time="18.583" errors="0" timestamp="2023-10-04T11:00:47 IST">
  <testcase classname="DemoQA.Automation.Testscript" name="Elements" time="0.251"/>
  <testcase classname="DemoQA.Automation.Testscript" name="Checkbox" time="0.124"/>
  <testcase classname="DemoQA.Automation.Testscript" name="RadioButtons" time="0.123"/>
  <testcase classname="DemoQA.Automation.Testscript" name="Buttons" time="0.471"/>
  <testcase classname="DemoQA.Automation.Testscript" name="Webtables" time="3.852"/>
  <testcase classname="DemoQA.Automation.Testscript" name="IFrames" time="10.247"/>
</testsuite> <!-- TC1 -->
