<?xml version="1.0" encoding="UTF-8"?>
<!-- Generated by org.testng.reporters.JUnitXMLReporter -->
<testsuite ignored="0" hostname="DESKTOP-B844U2B" failures="0" tests="6" name="TC1" time="16.72" errors="0" timestamp="2023-10-04T15:05:39 IST">
  <testcase classname="DemoQA.Automation.Testscript" name="Elements" time="0.238"/>
  <testcase classname="DemoQA.Automation.Testscript" name="Checkbox" time="0.108"/>
  <testcase classname="DemoQA.Automation.Testscript" name="RadioButtons" time="0.121"/>
  <testcase classname="DemoQA.Automation.Testscript" name="Buttons" time="0.46"/>
  <testcase classname="DemoQA.Automation.Testscript" name="Webtables" time="3.84"/>
  <testcase classname="DemoQA.Automation.Testscript" name="IFrames" time="8.365"/>
</testsuite> <!-- TC1 -->
