<?xml version="1.0" encoding="UTF-8"?>
<!-- Generated by org.testng.reporters.JUnitXMLReporter -->
<testsuite ignored="6" hostname="DESKTOP-B844U2B" failures="0" tests="1" name="Default test" time="6.464" errors="0" timestamp="2023-10-05T13:22:12 IST">
  <testcase classname="DemoQA.Automation.Testscript" name="WindowHandle" time="1.696"/>
  <testcase classname="DemoQA.Automation.Testscript" name="RadioButtons" time="0.0">
    <ignored/>
  </testcase> <!-- RadioButtons -->
  <testcase classname="DemoQA.Automation.Testscript" name="Elements" time="0.0">
    <ignored/>
  </testcase> <!-- Elements -->
  <testcase classname="DemoQA.Automation.Testscript" name="IFrames" time="0.0">
    <ignored/>
  </testcase> <!-- IFrames -->
  <testcase classname="DemoQA.Automation.Testscript" name="Webtables" time="0.0">
    <ignored/>
  </testcase> <!-- Webtables -->
  <testcase classname="DemoQA.Automation.Testscript" name="Buttons" time="0.0">
    <ignored/>
  </testcase> <!-- Buttons -->
  <testcase classname="DemoQA.Automation.Testscript" name="Checkbox" time="0.0">
    <ignored/>
  </testcase> <!-- Checkbox -->
</testsuite> <!-- Default test -->
