<?xml version="1.0" encoding="UTF-8"?>
<testng-results ignored="0" total="1" passed="1" failed="0" skipped="0">
  <reporter-output>
    <line>
      <![CDATA[DEMO QA page is loaded properly]]>
    </line>
    <line>
      <![CDATA[<br>This is a sample pageWindow is switched and Driver can locate the text]]>
    </line>
    <line>
      <![CDATA[<br>This is a sample pageWindow is switched and Driver can locate the text]]>
    </line>
  </reporter-output>
  <suite started-at="2023-10-05T13:22:06 IST" name="Default suite" finished-at="2023-10-05T13:22:12 IST" duration-ms="6464">
    <groups>
    </groups>
    <test started-at="2023-10-05T13:22:06 IST" name="Default test" finished-at="2023-10-05T13:22:12 IST" duration-ms="6464">
      <class name="DemoQA.Automation.Testscript">
        <test-method is-config="true" signature="LaunchChrome()[pri:0, instance:DemoQA.Automation.Testscript@78c7f9b3]" started-at="2023-10-05T13:22:06 IST" name="LaunchChrome" finished-at="2023-10-05T13:22:11 IST" duration-ms="4644" status="PASS">
          <reporter-output>
            <line>
              <![CDATA[DEMO QA page is loaded properly]]>
            </line>
          </reporter-output>
        </test-method> <!-- LaunchChrome -->
        <test-method signature="WindowHandle()[pri:7, instance:DemoQA.Automation.Testscript@78c7f9b3]" started-at="2023-10-05T13:22:11 IST" name="WindowHandle" finished-at="2023-10-05T13:22:12 IST" duration-ms="1696" status="PASS">
          <reporter-output>
            <line>
              <![CDATA[<br>This is a sample pageWindow is switched and Driver can locate the text]]>
            </line>
            <line>
              <![CDATA[<br>This is a sample pageWindow is switched and Driver can locate the text]]>
            </line>
          </reporter-output>
        </test-method> <!-- WindowHandle -->
        <test-method is-config="true" signature="CloseBrowser()[pri:0, instance:DemoQA.Automation.Testscript@78c7f9b3]" started-at="2023-10-05T13:22:12 IST" name="CloseBrowser" finished-at="2023-10-05T13:22:12 IST" duration-ms="104" status="PASS">
          <reporter-output>
          </reporter-output>
        </test-method> <!-- CloseBrowser -->
      </class> <!-- DemoQA.Automation.Testscript -->
    </test> <!-- Default test -->
  </suite> <!-- Default suite -->
</testng-results>
